{"name": " -- @1.5 ", "status": "broken", "statusDetails": {"message": "selenium.common.exceptions.NoSuchElementException: Message: no such element: Unable to locate element: {\"method\":\"xpath\",\"selector\":\"//button[text()=\"Login to Proceed\"]\"}\n  (Session info: chrome=107.0.5304.88)\n\n", "trace": "  File \"C:\\Users\\Shankar Kadam\\AppData\\Local\\Programs\\Python\\Python310\\lib\\site-packages\\behave\\model.py\", line 1329, in run\n    match.run(runner.context)\n  File \"C:\\Users\\Shankar Kadam\\AppData\\Local\\Programs\\Python\\Python310\\lib\\site-packages\\behave\\matchers.py\", line 98, in run\n    self.func(context, *args, **kwargs)\n  File \"features\\steps\\scenariobgsteps.py\", line 93, in pay\n    context.driver.find_element(\"xpath\", '//button[text()=\"Login to Proceed\"]').click()\n  File \"C:\\Users\\Shankar Kadam\\AppData\\Local\\Programs\\Python\\Python310\\lib\\site-packages\\selenium\\webdriver\\remote\\webdriver.py\", line 976, in find_element\n    return self.execute(Command.FIND_ELEMENT, {\n  File \"C:\\Users\\Shankar Kadam\\AppData\\Local\\Programs\\Python\\Python310\\lib\\site-packages\\selenium\\webdriver\\remote\\webdriver.py\", line 321, in execute\n    self.error_handler.check_response(response)\n  File \"C:\\Users\\Shankar Kadam\\AppData\\Local\\Programs\\Python\\Python310\\lib\\site-packages\\selenium\\webdriver\\remote\\errorhandler.py\", line 242, in check_response\n    raise exception_class(message, screen, stacktrace)\n"}, "steps": [{"name": "Given user should able to launch chrome browser", "status": "passed", "start": 1667520628287, "stop": 1667520700520}, {"name": "Then user should select the location", "status": "passed", "start": 1667520700520, "stop": 1667520700654}, {"name": "When user should click on the location", "status": "passed", "start": 1667520700654, "stop": 1667520701244}, {"name": "Then user should able to click on events page", "status": "passed", "start": 1667520701244, "stop": 1667520713626}, {"name": "And user should click on browse by venue", "status": "passed", "start": 1667520713626, "stop": 1667520736823}, {"name": "And user should click on art beat:bengaluru", "status": "passed", "start": 1667520736824, "stop": 1667520770267}, {"name": "And user should click on texture painting on canvas", "status": "passed", "start": 1667520770268, "stop": 1667520770462}, {"name": "Then user should click on book", "status": "passed", "start": 1667520770462, "stop": 1667520797320}, {"name": "And user should click on add", "status": "passed", "start": 1667520797321, "stop": 1667520797433}, {"name": "Then user should click on proceed", "status": "passed", "start": 1667520797433, "stop": 1667520797529}, {"name": "When user enter \"akash\" into name textfield", "status": "passed", "start": 1667520797529, "stop": 1667520803793}, {"name": "Then user enter mobile_no \"997582765343\" into mobile number textfield", "status": "passed", "start": 1667520803793, "stop": 1667520804252}, {"name": "Then user enter the email \"akash@gmail.com\" into email textfield", "status": "passed", "start": 1667520804252, "stop": 1667520804485}, {"name": "When user should able to click on checkbox", "status": "passed", "start": 1667520804485, "stop": 1667520814609}, {"name": "Then user should able to click on submit button", "status": "passed", "start": 1667520814609, "stop": 1667520814690}, {"name": "And user should able to click on proceed to pay", "status": "broken", "statusDetails": {"message": "selenium.common.exceptions.NoSuchElementException: Message: no such element: Unable to locate element: {\"method\":\"xpath\",\"selector\":\"//button[text()=\"Login to Proceed\"]\"}\n  (Session info: chrome=107.0.5304.88)\n\n", "trace": "  File \"C:\\Users\\Shankar Kadam\\AppData\\Local\\Programs\\Python\\Python310\\lib\\site-packages\\behave\\model.py\", line 1329, in run\n    match.run(runner.context)\n  File \"C:\\Users\\Shankar Kadam\\AppData\\Local\\Programs\\Python\\Python310\\lib\\site-packages\\behave\\matchers.py\", line 98, in run\n    self.func(context, *args, **kwargs)\n  File \"features\\steps\\scenariobgsteps.py\", line 93, in pay\n    context.driver.find_element(\"xpath\", '//button[text()=\"Login to Proceed\"]').click()\n  File \"C:\\Users\\Shankar Kadam\\AppData\\Local\\Programs\\Python\\Python310\\lib\\site-packages\\selenium\\webdriver\\remote\\webdriver.py\", line 976, in find_element\n    return self.execute(Command.FIND_ELEMENT, {\n  File \"C:\\Users\\Shankar Kadam\\AppData\\Local\\Programs\\Python\\Python310\\lib\\site-packages\\selenium\\webdriver\\remote\\webdriver.py\", line 321, in execute\n    self.error_handler.check_response(response)\n  File \"C:\\Users\\Shankar Kadam\\AppData\\Local\\Programs\\Python\\Python310\\lib\\site-packages\\selenium\\webdriver\\remote\\errorhandler.py\", line 242, in check_response\n    raise exception_class(message, screen, stacktrace)\n"}, "start": 1667520814691, "stop": 1667520824698}], "parameters": [{"name": "name", "value": "akash"}, {"name": "mobile_no", "value": "997582765343"}, {"name": "email", "value": "akash@gmail.com"}], "start": 1667520627595, "stop": 1667520824699, "uuid": "1683dbe2-a06a-4df8-9e94-21428c0f6a34", "historyId": "99eb91b204a4c923871bcfb3b77f1a3b", "fullName": "Events: ", "labels": [{"name": "severity", "value": "normal"}, {"name": "feature", "value": "Events"}, {"name": "framework", "value": "behave"}, {"name": "language", "value": "cpython3"}]}