{"name": " -- @1.3 ", "status": "broken", "statusDetails": {"message": "selenium.common.exceptions.StaleElementReferenceException: Message: stale element reference: element is not attached to the page document\n  (Session info: chrome=107.0.5304.88)\n\n", "trace": "  File \"C:\\Users\\Shankar Kadam\\AppData\\Local\\Programs\\Python\\Python310\\lib\\site-packages\\behave\\model.py\", line 1329, in run\n    match.run(runner.context)\n  File \"C:\\Users\\Shankar Kadam\\AppData\\Local\\Programs\\Python\\Python310\\lib\\site-packages\\behave\\matchers.py\", line 98, in run\n    self.func(context, *args, **kwargs)\n  File \"features\\steps\\scenariobgsteps.py\", line 93, in pay\n    context.driver.find_element(\"xpath\", '//button[text()=\"Login to Proceed\"]').click()\n  File \"C:\\Users\\Shankar Kadam\\AppData\\Local\\Programs\\Python\\Python310\\lib\\site-packages\\selenium\\webdriver\\remote\\webelement.py\", line 80, in click\n    self._execute(Command.CLICK_ELEMENT)\n  File \"C:\\Users\\Shankar Kadam\\AppData\\Local\\Programs\\Python\\Python310\\lib\\site-packages\\selenium\\webdriver\\remote\\webelement.py\", line 633, in _execute\n    return self._parent.execute(command, params)\n  File \"C:\\Users\\Shankar Kadam\\AppData\\Local\\Programs\\Python\\Python310\\lib\\site-packages\\selenium\\webdriver\\remote\\webdriver.py\", line 321, in execute\n    self.error_handler.check_response(response)\n  File \"C:\\Users\\Shankar Kadam\\AppData\\Local\\Programs\\Python\\Python310\\lib\\site-packages\\selenium\\webdriver\\remote\\errorhandler.py\", line 242, in check_response\n    raise exception_class(message, screen, stacktrace)\n"}, "steps": [{"name": "Given user should able to launch chrome browser", "status": "passed", "start": 1667520204308, "stop": 1667520266240}, {"name": "Then user should select the location", "status": "passed", "start": 1667520266240, "stop": 1667520266411}, {"name": "When user should click on the location", "status": "passed", "start": 1667520266411, "stop": 1667520267036}, {"name": "Then user should able to click on events page", "status": "passed", "start": 1667520267036, "stop": 1667520280887}, {"name": "And user should click on browse by venue", "status": "passed", "start": 1667520280887, "stop": 1667520290354}, {"name": "And user should click on art beat:bengaluru", "status": "passed", "start": 1667520290354, "stop": 1667520294983}, {"name": "And user should click on texture painting on canvas", "status": "passed", "start": 1667520294983, "stop": 1667520295346}, {"name": "Then user should click on book", "status": "passed", "start": 1667520295346, "stop": 1667520304415}, {"name": "And user should click on add", "status": "passed", "start": 1667520304415, "stop": 1667520304565}, {"name": "Then user should click on proceed", "status": "passed", "start": 1667520304565, "stop": 1667520304653}, {"name": "When user enter \"atul\" into name textfield", "status": "passed", "start": 1667520304654, "stop": 1667520307397}, {"name": "Then user enter mobile_no \"9975827653\" into mobile number textfield", "status": "passed", "start": 1667520307398, "stop": 1667520307668}, {"name": "Then user enter the email \"atul11@gmail.com\" into email textfield", "status": "passed", "start": 1667520307669, "stop": 1667520307923}, {"name": "When user should able to click on checkbox", "status": "passed", "start": 1667520307923, "stop": 1667520318067}, {"name": "Then user should able to click on submit button", "status": "passed", "start": 1667520318067, "stop": 1667520318190}, {"name": "And user should able to click on proceed to pay", "status": "broken", "statusDetails": {"message": "selenium.common.exceptions.StaleElementReferenceException: Message: stale element reference: element is not attached to the page document\n  (Session info: chrome=107.0.5304.88)\n\n", "trace": "  File \"C:\\Users\\Shankar Kadam\\AppData\\Local\\Programs\\Python\\Python310\\lib\\site-packages\\behave\\model.py\", line 1329, in run\n    match.run(runner.context)\n  File \"C:\\Users\\Shankar Kadam\\AppData\\Local\\Programs\\Python\\Python310\\lib\\site-packages\\behave\\matchers.py\", line 98, in run\n    self.func(context, *args, **kwargs)\n  File \"features\\steps\\scenariobgsteps.py\", line 93, in pay\n    context.driver.find_element(\"xpath\", '//button[text()=\"Login to Proceed\"]').click()\n  File \"C:\\Users\\Shankar Kadam\\AppData\\Local\\Programs\\Python\\Python310\\lib\\site-packages\\selenium\\webdriver\\remote\\webelement.py\", line 80, in click\n    self._execute(Command.CLICK_ELEMENT)\n  File \"C:\\Users\\Shankar Kadam\\AppData\\Local\\Programs\\Python\\Python310\\lib\\site-packages\\selenium\\webdriver\\remote\\webelement.py\", line 633, in _execute\n    return self._parent.execute(command, params)\n  File \"C:\\Users\\Shankar Kadam\\AppData\\Local\\Programs\\Python\\Python310\\lib\\site-packages\\selenium\\webdriver\\remote\\webdriver.py\", line 321, in execute\n    self.error_handler.check_response(response)\n  File \"C:\\Users\\Shankar Kadam\\AppData\\Local\\Programs\\Python\\Python310\\lib\\site-packages\\selenium\\webdriver\\remote\\errorhandler.py\", line 242, in check_response\n    raise exception_class(message, screen, stacktrace)\n"}, "start": 1667520318190, "stop": 1667520329907}], "parameters": [{"name": "name", "value": "atul"}, {"name": "mobile_no", "value": "9975827653"}, {"name": "email", "value": "atul11@gmail.com"}], "start": 1667520204306, "stop": 1667520329908, "uuid": "ee3e6b30-8d35-4f49-aa6d-b810c7cd2646", "historyId": "c7d8df3dc07ceadcf2081503e94fa7a8", "fullName": "Events: ", "labels": [{"name": "severity", "value": "normal"}, {"name": "feature", "value": "Events"}, {"name": "framework", "value": "behave"}, {"name": "language", "value": "cpython3"}]}